{
  "stats": {
    "suites": 1,
    "tests": 8,
    "passes": 0,
    "pending": 0,
    "failures": 8,
    "start": "2022-03-15T13:37:58.784Z",
    "end": "2022-03-15T13:48:40.161Z",
    "duration": 641377,
    "testsRegistered": 8,
    "passPercent": 0,
    "pendingPercent": 0,
    "other": 0,
    "hasOther": false,
    "skipped": 0,
    "hasSkipped": false
  },
  "results": [
    {
      "uuid": "ad086087-bb5f-414f-a501-7d1b3e8998cc",
      "title": "",
      "fullFile": "cypress/integration/F04-Enroll.feature",
      "file": "cypress/integration/F04-Enroll.feature",
      "beforeHooks": [],
      "afterHooks": [],
      "tests": [],
      "suites": [
        {
          "uuid": "9b6e1827-24c0-4798-bb1f-d34d5407f3dd",
          "title": "F04-Creating and validating Enroll for V2 Project",
          "fullFile": "",
          "file": "",
          "beforeHooks": [],
          "afterHooks": [],
          "tests": [
            {
              "title": "Project Owner page Validation",
              "fullTitle": "F04-Creating and validating Enroll for V2 Project Project Owner page Validation",
              "timedOut": null,
              "duration": 100245,
              "state": "failed",
              "speed": null,
              "pass": false,
              "fail": true,
              "pending": false,
              "context": null,
              "code": "const state = window.testState;\nreturn cy\n  .then(() => state.onStartScenario(scenario, indexedSteps))\n  .then(() =>\n    resolveAndRunBeforeHooks.call(this, scenario.tags, state.feature.name)\n  )\n  .then(() =>\n    indexedSteps.forEach((step) =>\n      stepTest.call(this, state, step, rowData)\n    )\n  )\n  .then(() => state.onFinishScenario(scenario));",
              "err": {
                "message": "AssertionError: Timed out retrying after 40000ms: Expected to find element: `//*[@class='multiselect__tags']`, but never found it.",
                "estack": "AssertionError: Timed out retrying after 40000ms: Expected to find element: `//*[@class='multiselect__tags']`, but never found it.\n    at Context.eval (https://sig-nuxt.wellcertified.com/__cypress/tests?p=cypress\\integration\\F04-Enroll.feature:85:44)\n    at Context.resolveAndRunStepDefinition (https://sig-nuxt.wellcertified.com/__cypress/tests?p=cypress\\integration\\F04-Enroll.feature:10926:29)\n    at Context.eval (https://sig-nuxt.wellcertified.com/__cypress/tests?p=cypress\\integration\\F04-Enroll.feature:10247:35)",
                "diff": null
              },
              "uuid": "1cd64c54-aa07-45f1-9be5-e3a44549513d",
              "parentUUID": "9b6e1827-24c0-4798-bb1f-d34d5407f3dd",
              "isHook": false,
              "skipped": false
            },
            {
              "title": "Filling Up the Project Owner information",
              "fullTitle": "F04-Creating and validating Enroll for V2 Project Filling Up the Project Owner information",
              "timedOut": null,
              "duration": 45684,
              "state": "failed",
              "speed": null,
              "pass": false,
              "fail": true,
              "pending": false,
              "context": null,
              "code": "const state = window.testState;\nreturn cy\n  .then(() => state.onStartScenario(scenario, indexedSteps))\n  .then(() =>\n    resolveAndRunBeforeHooks.call(this, scenario.tags, state.feature.name)\n  )\n  .then(() =>\n    indexedSteps.forEach((step) =>\n      stepTest.call(this, state, step, rowData)\n    )\n  )\n  .then(() => state.onFinishScenario(scenario));",
              "err": {
                "message": "AssertionError: Timed out retrying after 40000ms: Expected to find element: `//*[@class='multiselect__tags']`, but never found it.",
                "estack": "AssertionError: Timed out retrying after 40000ms: Expected to find element: `//*[@class='multiselect__tags']`, but never found it.\n    at ensureExistence (https://sig-nuxt.wellcertified.com/__cypress/runner/cypress_runner.js:162871:25)\n    at $Cy.ensureElExistence (https://sig-nuxt.wellcertified.com/__cypress/runner/cypress_runner.js:162889:12)\n    at ensureExistence (https://sig-nuxt.wellcertified.com/__cypress/runner/cypress_runner.js:150450:25)\n    at onFailFn (https://sig-nuxt.wellcertified.com/__cypress/runner/cypress_runner.js:150490:11)\n    at tryCatcher (https://sig-nuxt.wellcertified.com/__cypress/runner/cypress_runner.js:13196:23)\n    at Promise._settlePromiseFromHandler (https://sig-nuxt.wellcertified.com/__cypress/runner/cypress_runner.js:11131:31)\n    at Promise._settlePromise (https://sig-nuxt.wellcertified.com/__cypress/runner/cypress_runner.js:11188:18)\n    at Promise._settlePromise0 (https://sig-nuxt.wellcertified.com/__cypress/runner/cypress_runner.js:11233:10)\n    at Promise._settlePromises (https://sig-nuxt.wellcertified.com/__cypress/runner/cypress_runner.js:11309:18)\n    at _drainQueueStep (https://sig-nuxt.wellcertified.com/__cypress/runner/cypress_runner.js:7903:12)\n    at _drainQueue (https://sig-nuxt.wellcertified.com/__cypress/runner/cypress_runner.js:7896:9)\n    at Async.../../node_modules/bluebird/js/release/async.js.Async._drainQueues (https://sig-nuxt.wellcertified.com/__cypress/runner/cypress_runner.js:7912:5)\n    at Async.drainQueues (https://sig-nuxt.wellcertified.com/__cypress/runner/cypress_runner.js:7782:14)",
                "diff": null
              },
              "uuid": "01d01b92-b6fc-41f7-9af9-02dd98384892",
              "parentUUID": "9b6e1827-24c0-4798-bb1f-d34d5407f3dd",
              "isHook": false,
              "skipped": false
            },
            {
              "title": "Validating Project Address page",
              "fullTitle": "F04-Creating and validating Enroll for V2 Project Validating Project Address page",
              "timedOut": null,
              "duration": 41797,
              "state": "failed",
              "speed": null,
              "pass": false,
              "fail": true,
              "pending": false,
              "context": null,
              "code": "const state = window.testState;\nreturn cy\n  .then(() => state.onStartScenario(scenario, indexedSteps))\n  .then(() =>\n    resolveAndRunBeforeHooks.call(this, scenario.tags, state.feature.name)\n  )\n  .then(() =>\n    indexedSteps.forEach((step) =>\n      stepTest.call(this, state, step, rowData)\n    )\n  )\n  .then(() => state.onFinishScenario(scenario));",
              "err": {
                "message": "AssertionError: Timed out retrying after 40000ms: expected '<select#formulate--projects-v2-2202255731-register-26.text-primary-700.form-select.relative.block.w-full.mb-4.rounded-md.bg-transparent.focus:z-10.transition.ease-in-out.duration-150.sm:text-sm.sm:leading-5.border-primary-300>' to be 'visible'\n\nThis element `<select#formulate--projects-v2-2202255731-register-26.text-primary-700.form-select.relative.block.w-full.mb-4.rounded-md.bg-transparent.focus:z-10.transition.ease-in-out.duration-150.sm:text-sm.sm:leading-5.border-primary-300>` is not visible because its parent `<div.lg:pr-8.hidden>` has CSS property: `display: none`",
                "estack": "AssertionError: Timed out retrying after 40000ms: expected '<select#formulate--projects-v2-2202255731-register-26.text-primary-700.form-select.relative.block.w-full.mb-4.rounded-md.bg-transparent.focus:z-10.transition.ease-in-out.duration-150.sm:text-sm.sm:leading-5.border-primary-300>' to be 'visible'\n\nThis element `<select#formulate--projects-v2-2202255731-register-26.text-primary-700.form-select.relative.block.w-full.mb-4.rounded-md.bg-transparent.focus:z-10.transition.ease-in-out.duration-150.sm:text-sm.sm:leading-5.border-primary-300>` is not visible because its parent `<div.lg:pr-8.hidden>` has CSS property: `display: none`\n    at Context.eval (https://sig-nuxt.wellcertified.com/__cypress/tests?p=cypress\\integration\\F04-Enroll.feature:215:48)\n    at Context.resolveAndRunStepDefinition (https://sig-nuxt.wellcertified.com/__cypress/tests?p=cypress\\integration\\F04-Enroll.feature:10926:29)\n    at Context.eval (https://sig-nuxt.wellcertified.com/__cypress/tests?p=cypress\\integration\\F04-Enroll.feature:10247:35)",
                "diff": null
              },
              "uuid": "3cadd141-c996-4a27-86bc-3dc98a2bb8a3",
              "parentUUID": "9b6e1827-24c0-4798-bb1f-d34d5407f3dd",
              "isHook": false,
              "skipped": false
            },
            {
              "title": "Filling Enrollment for 'WellV2Project' (example #1)",
              "fullTitle": "F04-Creating and validating Enroll for V2 Project Filling Enrollment for 'WellV2Project' (example #1)",
              "timedOut": null,
              "duration": 73332,
              "state": "failed",
              "speed": null,
              "pass": false,
              "fail": true,
              "pending": false,
              "context": null,
              "code": "const state = window.testState;\nreturn cy\n  .then(() => state.onStartScenario(scenario, indexedSteps))\n  .then(() =>\n    resolveAndRunBeforeHooks.call(this, scenario.tags, state.feature.name)\n  )\n  .then(() =>\n    indexedSteps.forEach((step) =>\n      stepTest.call(this, state, step, rowData)\n    )\n  )\n  .then(() => state.onFinishScenario(scenario));",
              "err": {
                "message": "AssertionError: Timed out retrying after 40000ms: Expected to find element: `//*[@class='multiselect__tags']`, but never found it.",
                "estack": "AssertionError: Timed out retrying after 40000ms: Expected to find element: `//*[@class='multiselect__tags']`, but never found it.\n    at ensureExistence (https://sig-nuxt.wellcertified.com/__cypress/runner/cypress_runner.js:162871:25)\n    at $Cy.ensureElExistence (https://sig-nuxt.wellcertified.com/__cypress/runner/cypress_runner.js:162889:12)\n    at ensureExistence (https://sig-nuxt.wellcertified.com/__cypress/runner/cypress_runner.js:150450:25)\n    at onFailFn (https://sig-nuxt.wellcertified.com/__cypress/runner/cypress_runner.js:150490:11)\n    at tryCatcher (https://sig-nuxt.wellcertified.com/__cypress/runner/cypress_runner.js:13196:23)\n    at Promise._settlePromiseFromHandler (https://sig-nuxt.wellcertified.com/__cypress/runner/cypress_runner.js:11131:31)\n    at Promise._settlePromise (https://sig-nuxt.wellcertified.com/__cypress/runner/cypress_runner.js:11188:18)\n    at Promise._settlePromise0 (https://sig-nuxt.wellcertified.com/__cypress/runner/cypress_runner.js:11233:10)\n    at Promise._settlePromises (https://sig-nuxt.wellcertified.com/__cypress/runner/cypress_runner.js:11309:18)\n    at _drainQueueStep (https://sig-nuxt.wellcertified.com/__cypress/runner/cypress_runner.js:7903:12)\n    at _drainQueue (https://sig-nuxt.wellcertified.com/__cypress/runner/cypress_runner.js:7896:9)\n    at Async.../../node_modules/bluebird/js/release/async.js.Async._drainQueues (https://sig-nuxt.wellcertified.com/__cypress/runner/cypress_runner.js:7912:5)\n    at Async.drainQueues (https://sig-nuxt.wellcertified.com/__cypress/runner/cypress_runner.js:7782:14)",
                "diff": null
              },
              "uuid": "f64808c7-74e9-4a10-939d-f0bf5b860134",
              "parentUUID": "9b6e1827-24c0-4798-bb1f-d34d5407f3dd",
              "isHook": false,
              "skipped": false
            },
            {
              "title": "Filling Enrollment for 'WellCoreV2Project' (example #2)",
              "fullTitle": "F04-Creating and validating Enroll for V2 Project Filling Enrollment for 'WellCoreV2Project' (example #2)",
              "timedOut": null,
              "duration": 76259,
              "state": "failed",
              "speed": null,
              "pass": false,
              "fail": true,
              "pending": false,
              "context": null,
              "code": "const state = window.testState;\nreturn cy\n  .then(() => state.onStartScenario(scenario, indexedSteps))\n  .then(() =>\n    resolveAndRunBeforeHooks.call(this, scenario.tags, state.feature.name)\n  )\n  .then(() =>\n    indexedSteps.forEach((step) =>\n      stepTest.call(this, state, step, rowData)\n    )\n  )\n  .then(() => state.onFinishScenario(scenario));",
              "err": {
                "message": "AssertionError: Timed out retrying after 40000ms: Expected to find element: `//*[@class='multiselect__tags']`, but never found it.",
                "estack": "AssertionError: Timed out retrying after 40000ms: Expected to find element: `//*[@class='multiselect__tags']`, but never found it.\n    at ensureExistence (https://sig-nuxt.wellcertified.com/__cypress/runner/cypress_runner.js:162871:25)\n    at $Cy.ensureElExistence (https://sig-nuxt.wellcertified.com/__cypress/runner/cypress_runner.js:162889:12)\n    at ensureExistence (https://sig-nuxt.wellcertified.com/__cypress/runner/cypress_runner.js:150450:25)\n    at onFailFn (https://sig-nuxt.wellcertified.com/__cypress/runner/cypress_runner.js:150490:11)\n    at tryCatcher (https://sig-nuxt.wellcertified.com/__cypress/runner/cypress_runner.js:13196:23)\n    at Promise._settlePromiseFromHandler (https://sig-nuxt.wellcertified.com/__cypress/runner/cypress_runner.js:11131:31)\n    at Promise._settlePromise (https://sig-nuxt.wellcertified.com/__cypress/runner/cypress_runner.js:11188:18)\n    at Promise._settlePromise0 (https://sig-nuxt.wellcertified.com/__cypress/runner/cypress_runner.js:11233:10)\n    at Promise._settlePromises (https://sig-nuxt.wellcertified.com/__cypress/runner/cypress_runner.js:11309:18)\n    at _drainQueueStep (https://sig-nuxt.wellcertified.com/__cypress/runner/cypress_runner.js:7903:12)\n    at _drainQueue (https://sig-nuxt.wellcertified.com/__cypress/runner/cypress_runner.js:7896:9)\n    at Async.../../node_modules/bluebird/js/release/async.js.Async._drainQueues (https://sig-nuxt.wellcertified.com/__cypress/runner/cypress_runner.js:7912:5)\n    at Async.drainQueues (https://sig-nuxt.wellcertified.com/__cypress/runner/cypress_runner.js:7782:14)",
                "diff": null
              },
              "uuid": "e136751b-367b-48f9-9364-a83c70c10d02",
              "parentUUID": "9b6e1827-24c0-4798-bb1f-d34d5407f3dd",
              "isHook": false,
              "skipped": false
            },
            {
              "title": "Filling Enrollment for 'ChinaV2Project' (example #3)",
              "fullTitle": "F04-Creating and validating Enroll for V2 Project Filling Enrollment for 'ChinaV2Project' (example #3)",
              "timedOut": null,
              "duration": 85094,
              "state": "failed",
              "speed": null,
              "pass": false,
              "fail": true,
              "pending": false,
              "context": null,
              "code": "const state = window.testState;\nreturn cy\n  .then(() => state.onStartScenario(scenario, indexedSteps))\n  .then(() =>\n    resolveAndRunBeforeHooks.call(this, scenario.tags, state.feature.name)\n  )\n  .then(() =>\n    indexedSteps.forEach((step) =>\n      stepTest.call(this, state, step, rowData)\n    )\n  )\n  .then(() => state.onFinishScenario(scenario));",
              "err": {
                "message": "AssertionError: Timed out retrying after 40000ms: Expected to find element: `//*[@class='multiselect__tags']`, but never found it.",
                "estack": "AssertionError: Timed out retrying after 40000ms: Expected to find element: `//*[@class='multiselect__tags']`, but never found it.\n    at ensureExistence (https://sig-nuxt.wellcertified.com/__cypress/runner/cypress_runner.js:162871:25)\n    at $Cy.ensureElExistence (https://sig-nuxt.wellcertified.com/__cypress/runner/cypress_runner.js:162889:12)\n    at ensureExistence (https://sig-nuxt.wellcertified.com/__cypress/runner/cypress_runner.js:150450:25)\n    at onFailFn (https://sig-nuxt.wellcertified.com/__cypress/runner/cypress_runner.js:150490:11)\n    at tryCatcher (https://sig-nuxt.wellcertified.com/__cypress/runner/cypress_runner.js:13196:23)\n    at Promise._settlePromiseFromHandler (https://sig-nuxt.wellcertified.com/__cypress/runner/cypress_runner.js:11131:31)\n    at Promise._settlePromise (https://sig-nuxt.wellcertified.com/__cypress/runner/cypress_runner.js:11188:18)\n    at Promise._settlePromise0 (https://sig-nuxt.wellcertified.com/__cypress/runner/cypress_runner.js:11233:10)\n    at Promise._settlePromises (https://sig-nuxt.wellcertified.com/__cypress/runner/cypress_runner.js:11309:18)\n    at _drainQueueStep (https://sig-nuxt.wellcertified.com/__cypress/runner/cypress_runner.js:7903:12)\n    at _drainQueue (https://sig-nuxt.wellcertified.com/__cypress/runner/cypress_runner.js:7896:9)\n    at Async.../../node_modules/bluebird/js/release/async.js.Async._drainQueues (https://sig-nuxt.wellcertified.com/__cypress/runner/cypress_runner.js:7912:5)\n    at Async.drainQueues (https://sig-nuxt.wellcertified.com/__cypress/runner/cypress_runner.js:7782:14)",
                "diff": null
              },
              "uuid": "4a2ffee3-9410-4dc3-a496-304b3c16785c",
              "parentUUID": "9b6e1827-24c0-4798-bb1f-d34d5407f3dd",
              "isHook": false,
              "skipped": false
            },
            {
              "title": "Filling Enrollment for 'HongKongV2Project' (example #4)",
              "fullTitle": "F04-Creating and validating Enroll for V2 Project Filling Enrollment for 'HongKongV2Project' (example #4)",
              "timedOut": null,
              "duration": 110264,
              "state": "failed",
              "speed": null,
              "pass": false,
              "fail": true,
              "pending": false,
              "context": null,
              "code": "const state = window.testState;\nreturn cy\n  .then(() => state.onStartScenario(scenario, indexedSteps))\n  .then(() =>\n    resolveAndRunBeforeHooks.call(this, scenario.tags, state.feature.name)\n  )\n  .then(() =>\n    indexedSteps.forEach((step) =>\n      stepTest.call(this, state, step, rowData)\n    )\n  )\n  .then(() => state.onFinishScenario(scenario));",
              "err": {
                "message": "AssertionError: Timed out retrying after 40000ms: Expected to find element: `//*[@class='multiselect__tags']`, but never found it.",
                "estack": "AssertionError: Timed out retrying after 40000ms: Expected to find element: `//*[@class='multiselect__tags']`, but never found it.\n    at ensureExistence (https://sig-nuxt.wellcertified.com/__cypress/runner/cypress_runner.js:162871:25)\n    at $Cy.ensureElExistence (https://sig-nuxt.wellcertified.com/__cypress/runner/cypress_runner.js:162889:12)\n    at ensureExistence (https://sig-nuxt.wellcertified.com/__cypress/runner/cypress_runner.js:150450:25)\n    at onFailFn (https://sig-nuxt.wellcertified.com/__cypress/runner/cypress_runner.js:150490:11)\n    at tryCatcher (https://sig-nuxt.wellcertified.com/__cypress/runner/cypress_runner.js:13196:23)\n    at Promise._settlePromiseFromHandler (https://sig-nuxt.wellcertified.com/__cypress/runner/cypress_runner.js:11131:31)\n    at Promise._settlePromise (https://sig-nuxt.wellcertified.com/__cypress/runner/cypress_runner.js:11188:18)\n    at Promise._settlePromise0 (https://sig-nuxt.wellcertified.com/__cypress/runner/cypress_runner.js:11233:10)\n    at Promise._settlePromises (https://sig-nuxt.wellcertified.com/__cypress/runner/cypress_runner.js:11309:18)\n    at _drainQueueStep (https://sig-nuxt.wellcertified.com/__cypress/runner/cypress_runner.js:7903:12)\n    at _drainQueue (https://sig-nuxt.wellcertified.com/__cypress/runner/cypress_runner.js:7896:9)\n    at Async.../../node_modules/bluebird/js/release/async.js.Async._drainQueues (https://sig-nuxt.wellcertified.com/__cypress/runner/cypress_runner.js:7912:5)\n    at Async.drainQueues (https://sig-nuxt.wellcertified.com/__cypress/runner/cypress_runner.js:7782:14)",
                "diff": null
              },
              "uuid": "8c051ba8-b269-4a50-a85a-5aa71272bda4",
              "parentUUID": "9b6e1827-24c0-4798-bb1f-d34d5407f3dd",
              "isHook": false,
              "skipped": false
            },
            {
              "title": "Filling Enrollment for 'MacaoV2Project' (example #5)",
              "fullTitle": "F04-Creating and validating Enroll for V2 Project Filling Enrollment for 'MacaoV2Project' (example #5)",
              "timedOut": null,
              "duration": 90917,
              "state": "failed",
              "speed": null,
              "pass": false,
              "fail": true,
              "pending": false,
              "context": null,
              "code": "const state = window.testState;\nreturn cy\n  .then(() => state.onStartScenario(scenario, indexedSteps))\n  .then(() =>\n    resolveAndRunBeforeHooks.call(this, scenario.tags, state.feature.name)\n  )\n  .then(() =>\n    indexedSteps.forEach((step) =>\n      stepTest.call(this, state, step, rowData)\n    )\n  )\n  .then(() => state.onFinishScenario(scenario));",
              "err": {
                "message": "AssertionError: Timed out retrying after 40000ms: Expected to find element: `//*[@class='multiselect__tags']`, but never found it.",
                "estack": "AssertionError: Timed out retrying after 40000ms: Expected to find element: `//*[@class='multiselect__tags']`, but never found it.\n    at ensureExistence (https://sig-nuxt.wellcertified.com/__cypress/runner/cypress_runner.js:162871:25)\n    at $Cy.ensureElExistence (https://sig-nuxt.wellcertified.com/__cypress/runner/cypress_runner.js:162889:12)\n    at ensureExistence (https://sig-nuxt.wellcertified.com/__cypress/runner/cypress_runner.js:150450:25)\n    at onFailFn (https://sig-nuxt.wellcertified.com/__cypress/runner/cypress_runner.js:150490:11)\n    at tryCatcher (https://sig-nuxt.wellcertified.com/__cypress/runner/cypress_runner.js:13196:23)\n    at Promise._settlePromiseFromHandler (https://sig-nuxt.wellcertified.com/__cypress/runner/cypress_runner.js:11131:31)\n    at Promise._settlePromise (https://sig-nuxt.wellcertified.com/__cypress/runner/cypress_runner.js:11188:18)\n    at Promise._settlePromise0 (https://sig-nuxt.wellcertified.com/__cypress/runner/cypress_runner.js:11233:10)\n    at Promise._settlePromises (https://sig-nuxt.wellcertified.com/__cypress/runner/cypress_runner.js:11309:18)\n    at _drainQueueStep (https://sig-nuxt.wellcertified.com/__cypress/runner/cypress_runner.js:7903:12)\n    at _drainQueue (https://sig-nuxt.wellcertified.com/__cypress/runner/cypress_runner.js:7896:9)\n    at Async.../../node_modules/bluebird/js/release/async.js.Async._drainQueues (https://sig-nuxt.wellcertified.com/__cypress/runner/cypress_runner.js:7912:5)\n    at Async.drainQueues (https://sig-nuxt.wellcertified.com/__cypress/runner/cypress_runner.js:7782:14)",
                "diff": null
              },
              "uuid": "a379b015-ce2d-44e5-938c-c1763fa6aae7",
              "parentUUID": "9b6e1827-24c0-4798-bb1f-d34d5407f3dd",
              "isHook": false,
              "skipped": false
            }
          ],
          "suites": [],
          "passes": [],
          "failures": [
            "1cd64c54-aa07-45f1-9be5-e3a44549513d",
            "01d01b92-b6fc-41f7-9af9-02dd98384892",
            "3cadd141-c996-4a27-86bc-3dc98a2bb8a3",
            "f64808c7-74e9-4a10-939d-f0bf5b860134",
            "e136751b-367b-48f9-9364-a83c70c10d02",
            "4a2ffee3-9410-4dc3-a496-304b3c16785c",
            "8c051ba8-b269-4a50-a85a-5aa71272bda4",
            "a379b015-ce2d-44e5-938c-c1763fa6aae7"
          ],
          "pending": [],
          "skipped": [],
          "duration": 623592,
          "root": false,
          "rootEmpty": false,
          "_timeout": 2000
        }
      ],
      "passes": [],
      "failures": [],
      "pending": [],
      "skipped": [],
      "duration": 0,
      "root": true,
      "rootEmpty": true,
      "_timeout": 2000
    }
  ],
  "meta": {
    "mocha": {
      "version": "7.0.1"
    },
    "mochawesome": {
      "options": {
        "quiet": false,
        "reportFilename": "mochawesome",
        "saveHtml": true,
        "saveJson": true,
        "consoleReporter": "spec",
        "useInlineDiffs": false,
        "code": true
      },
      "version": "7.0.1"
    },
    "marge": {
      "options": null,
      "version": "6.0.1"
    }
  }
}